<?xml version="1.0" encoding="UTF-8"?>
<!-- Generated by org.testng.reporters.JUnitReportReporter -->
<testsuite hostname="LAPTOP-VL28O11O" failures="0" tests="6" name="com.addreportsunifyusagesummary.endtoendtest.EndToEndTest" time="136.356" errors="0" timestamp="2021-10-27T11:15:56 IST" skipped="0">
  <testcase classname="com.addreportsunifyusagesummary.endtoendtest.EndToEndTest" name="AdExInitializBrowser" time="13.160"/>
  <system-out/>
  <testcase classname="com.addreportsunifyusagesummary.endtoendtest.EndToEndTest" name="AdExlogin" time="0.494"/>
  <system-out/>
  <testcase classname="com.addreportsunifyusagesummary.endtoendtest.EndToEndTest" name="AdExAddReportsUnifyUsageSummaryAgents" time="56.084"/>
  <system-out/>
  <testcase classname="com.addreportsunifyusagesummary.endtoendtest.EndToEndTest" name="MarManInitializBrowser" time="13.209"/>
  <system-out/>
  <testcase classname="com.addreportsunifyusagesummary.endtoendtest.EndToEndTest" name="MarManlogin" time="0.497"/>
  <system-out/>
  <testcase classname="com.addreportsunifyusagesummary.endtoendtest.EndToEndTest" name="MarManAddReportsUnifyUsageSummaryAgents" time="52.912"/>
  <system-out/>
</testsuite> <!-- com.addreportsunifyusagesummary.endtoendtest.EndToEndTest -->
